<?xml version="1.0" encoding="UTF-8"?>
<testng-results ignored="0" total="2" passed="2" failed="0" skipped="0">
  <reporter-output>
  </reporter-output>
  <suite started-at="2025-03-27T17:47:20 IST" name="Suite" finished-at="2025-03-27T17:47:41 IST" duration-ms="21168">
    <groups>
      <group name="Sanity">
        <method signature="TC_005.CON_002()[pri:0, instance:TestCaseRepo.TC_005@f79e]" name="CON_002" class="TestCaseRepo.TC_005"/>
      </group> <!-- Sanity -->
      <group name="Regression">
        <method signature="TC_003.LE_003()[pri:0, instance:TestCaseRepo.TC_003@5ab9e72c]" name="LE_003" class="TestCaseRepo.TC_003"/>
      </group> <!-- Regression -->
      <group name="Smoke">
        <method signature="TC_003.LE_003()[pri:0, instance:TestCaseRepo.TC_003@5ab9e72c]" name="LE_003" class="TestCaseRepo.TC_003"/>
      </group> <!-- Smoke -->
    </groups>
    <test started-at="2025-03-27T17:47:20 IST" name="Test1" finished-at="2025-03-27T17:47:41 IST" duration-ms="20917">
      <class name="TestCaseRepo.TC_005">
        <test-method is-config="true" signature="launchBrowser(java.lang.String)[pri:0, instance:TestCaseRepo.TC_005@f79e]" started-at="2025-03-27T17:47:20 IST" name="launchBrowser" finished-at="2025-03-27T17:47:23 IST" duration-ms="3096" status="PASS">
          <params>
            <param index="0">
              <value>
                <![CDATA[chrome]]>
              </value>
            </param>
          </params>
          <reporter-output>
          </reporter-output>
        </test-method> <!-- launchBrowser -->
        <test-method is-config="true" signature="loginOperation()[pri:0, instance:TestCaseRepo.TC_005@f79e]" started-at="2025-03-27T17:47:23 IST" name="loginOperation" finished-at="2025-03-27T17:47:28 IST" duration-ms="4356" status="PASS">
          <reporter-output>
          </reporter-output>
        </test-method> <!-- loginOperation -->
        <test-method signature="CON_002()[pri:0, instance:TestCaseRepo.TC_005@f79e]" started-at="2025-03-27T17:47:28 IST" name="CON_002" finished-at="2025-03-27T17:47:39 IST" duration-ms="11769" status="PASS">
          <reporter-output>
          </reporter-output>
        </test-method> <!-- CON_002 -->
        <test-method is-config="true" signature="signoutOperation()[pri:0, instance:TestCaseRepo.TC_005@f79e]" started-at="2025-03-27T17:47:39 IST" name="signoutOperation" finished-at="2025-03-27T17:47:41 IST" duration-ms="1657" status="PASS">
          <reporter-output>
          </reporter-output>
        </test-method> <!-- signoutOperation -->
        <test-method is-config="true" signature="closeBrowser()[pri:0, instance:TestCaseRepo.TC_005@f79e]" started-at="2025-03-27T17:47:41 IST" name="closeBrowser" finished-at="2025-03-27T17:47:41 IST" duration-ms="0" status="PASS">
          <reporter-output>
          </reporter-output>
        </test-method> <!-- closeBrowser -->
      </class> <!-- TestCaseRepo.TC_005 -->
    </test> <!-- Test1 -->
    <test started-at="2025-03-27T17:47:20 IST" name="Test2" finished-at="2025-03-27T17:47:41 IST" duration-ms="21168">
      <class name="TestCaseRepo.TC_003">
        <test-method is-config="true" signature="dbConnection()[pri:0, instance:TestCaseRepo.TC_003@5ab9e72c]" started-at="2025-03-27T17:47:20 IST" name="dbConnection" finished-at="2025-03-27T17:47:20 IST" duration-ms="9" status="PASS">
          <reporter-output>
          </reporter-output>
        </test-method> <!-- dbConnection -->
        <test-method is-config="true" signature="launchBrowser(java.lang.String)[pri:0, instance:TestCaseRepo.TC_003@5ab9e72c]" started-at="2025-03-27T17:47:20 IST" name="launchBrowser" finished-at="2025-03-27T17:47:23 IST" duration-ms="3198" status="PASS">
          <params>
            <param index="0">
              <value>
                <![CDATA[chrome]]>
              </value>
            </param>
          </params>
          <reporter-output>
          </reporter-output>
        </test-method> <!-- launchBrowser -->
        <test-method is-config="true" signature="loginOperation()[pri:0, instance:TestCaseRepo.TC_003@5ab9e72c]" started-at="2025-03-27T17:47:23 IST" name="loginOperation" finished-at="2025-03-27T17:47:27 IST" duration-ms="3345" status="PASS">
          <reporter-output>
          </reporter-output>
        </test-method> <!-- loginOperation -->
        <test-method signature="LE_003()[pri:0, instance:TestCaseRepo.TC_003@5ab9e72c]" started-at="2025-03-27T17:47:27 IST" name="LE_003" finished-at="2025-03-27T17:47:40 IST" duration-ms="12982" status="PASS">
          <reporter-output>
          </reporter-output>
        </test-method> <!-- LE_003 -->
        <test-method is-config="true" signature="signoutOperation()[pri:0, instance:TestCaseRepo.TC_003@5ab9e72c]" started-at="2025-03-27T17:47:40 IST" name="signoutOperation" finished-at="2025-03-27T17:47:41 IST" duration-ms="1618" status="PASS">
          <reporter-output>
          </reporter-output>
        </test-method> <!-- signoutOperation -->
        <test-method is-config="true" signature="closeBrowser()[pri:0, instance:TestCaseRepo.TC_003@5ab9e72c]" started-at="2025-03-27T17:47:41 IST" name="closeBrowser" finished-at="2025-03-27T17:47:41 IST" duration-ms="7" status="PASS">
          <reporter-output>
          </reporter-output>
        </test-method> <!-- closeBrowser -->
        <test-method is-config="true" signature="CloseDBConnection()[pri:0, instance:TestCaseRepo.TC_003@5ab9e72c]" started-at="2025-03-27T17:47:41 IST" name="CloseDBConnection" finished-at="2025-03-27T17:47:41 IST" duration-ms="5" status="PASS">
          <reporter-output>
          </reporter-output>
        </test-method> <!-- CloseDBConnection -->
      </class> <!-- TestCaseRepo.TC_003 -->
    </test> <!-- Test2 -->
  </suite> <!-- Suite -->
</testng-results>
